<?xml version="1.0" encoding="UTF-8"?>
<!-- Generated by org.testng.reporters.JUnitReportReporter -->
<testsuite hostname="MSI" failures="0" tests="1" name="dataDrivenTest.LoginTest" time="17.686" errors="0" timestamp="2023-06-15T01:59:03 IST" skipped="0">
  <testcase classname="dataDrivenTest.LoginTest" name="loginTest" time="17.686"/>
  <system-out/>
</testsuite> <!-- dataDrivenTest.LoginTest -->
